#
# There is insufficient memory for the Java Runtime Environment to continue.
# Native memory allocation (mmap) failed to map 132120576 bytes for G1 virtual space
# Possible reasons:
#   The system is out of physical RAM or swap space
#   The process is running with CompressedOops enabled, and the Java Heap may be blocking the growth of the native heap
# Possible solutions:
#   Reduce memory load on the system
#   Increase physical memory or swap space
#   Check if swap backing store is full
#   Decrease Java heap size (-Xmx/-Xms)
#   Decrease number of Java threads
#   Decrease Java thread stack sizes (-Xss)
#   Set larger code cache with -XX:ReservedCodeCacheSize=
#   JVM is running with Unscaled Compressed Oops mode in which the Java heap is
#     placed in the first 4GB address space. The Java Heap base address is the
#     maximum limit for the native heap growth. Please use -XX:HeapBaseMinAddress
#     to set the Java Heap base and to place the Java Heap above 4GB virtual address.
# This output file may be truncated or incomplete.
#
#  Out of Memory Error (os_windows.cpp:3527), pid=13376, tid=23768
#
# JRE version:  (19.0.1+10) (build )
# Java VM: Java HotSpot(TM) 64-Bit Server VM (19.0.1+10-21, mixed mode, sharing, tiered, compressed oops, compressed class ptrs, g1 gc, windows-amd64)
# No core dump will be written. Minidumps are not enabled by default on client versions of Windows
#

---------------  S U M M A R Y ------------

Command Line: -Dfile.encoding=UTF-8 -XX:+ShowCodeDetailsInExceptionMessages fall2023project.CSystem

Host: Intel(R) Core(TM) i7-10510U CPU @ 1.80GHz, 8 cores, 7G,  Windows 10 , 64 bit Build 19041 (10.0.19041.2546)
Time: Mon Apr 17 00:50:26 2023 Pacific Daylight Time elapsed time: 0.048248 seconds (0d 0h 0m 0s)

---------------  T H R E A D  ---------------

Current thread (0x00000261edd4a310):  JavaThread "Unknown thread" [_thread_in_vm, id=23768, stack(0x000000a864b00000,0x000000a864c00000)]

Stack: [0x000000a864b00000,0x000000a864c00000]
Native frames: (J=compiled Java code, j=interpreted, Vv=VM code, C=native code)
V  [jvm.dll+0x6ee8fa]
V  [jvm.dll+0x857a1e]
V  [jvm.dll+0x85940e]
V  [jvm.dll+0x859ac3]
V  [jvm.dll+0x28291f]
V  [jvm.dll+0x6eb6e9]
V  [jvm.dll+0x6e028a]
V  [jvm.dll+0x357136]
V  [jvm.dll+0x35eb96]
V  [jvm.dll+0x3b555e]
V  [jvm.dll+0x3b578f]
V  [jvm.dll+0x32c6ea]
V  [jvm.dll+0x32d59e]
V  [jvm.dll+0x821b20]
V  [jvm.dll+0x3c27c1]
V  [jvm.dll+0x8022f1]
V  [jvm.dll+0x44b30f]
V  [jvm.dll+0x44cc91]
C  [jli.dll+0x5287]
C  [ucrtbase.dll+0x21bb2]
C  [KERNEL32.DLL+0x17614]
C  [ntdll.dll+0x526a1]


---------------  P R O C E S S  ---------------

Threads class SMR info:
_java_thread_list=0x00007ffbe2bad048, length=0, elements={
}

Java Threads: ( => current thread )

Other Threads:
  0x00000261eddab500 WorkerThread "GC Thread#0" [stack: 0x000000a864c00000,0x000000a864d00000] [id=14548]
  0x00000261eddbc920 ConcurrentGCThread "G1 Main Marker" [stack: 0x000000a864d00000,0x000000a864e00000] [id=15664]
  0x00000261eddbe360 WorkerThread "G1 Conc#0" [stack: 0x000000a864e00000,0x000000a864f00000] [id=17744]

[error occurred during error reporting (printing all threads), id 0xc0000005, EXCEPTION_ACCESS_VIOLATION (0xc0000005) at pc=0x00007ffbe236d127]

VM state: not at safepoint (not fully initialized)

VM Mutex/Monitor currently owned by a thread:  ([mutex/lock_event])
[0x00000261edd467f0] Heap_lock - owner thread: 0x00000261edd4a310

Heap address: 0x0000000082400000, size: 2012 MB, Compressed Oops mode: 32-bit

CDS archive(s) mapped at: [0x0000000000000000-0x0000000000000000-0x0000000000000000), size 0, SharedBaseAddress: 0x0000000800000000, ArchiveRelocationMode: 0.
Narrow klass base: 0x0000000000000000, Narrow klass shift: 0, Narrow klass range: 0x0

GC Precious Log:
 CardTable entry size: 512
 Card Set container configuration: InlinePtr #cards 5 size 8 Array Of Cards #cards 12 size 40 Howl #buckets 4 coarsen threshold 1843 Howl Bitmap #cards 512 size 80 coarsen threshold 460 Card regions per heap region 1 cards per card region 2048

Heap:
 garbage-first heap   total 0K, used 0K [0x0000000082400000, 0x0000000100000000)
  region size 1024K, 0 young (0K), 0 survivors (0K)

[error occurred during error reporting (printing heap information), id 0xc0000005, EXCEPTION_ACCESS_VIOLATION (0xc0000005) at pc=0x00007ffbe2776959]

GC Heap History (0 events):
No events

Dll operation events (1 events):
Event: 0.028 Loaded shared library C:\Program Files\Java\jdk-19\bin\java.dll

Deoptimization events (0 events):
No events

Classes loaded (0 events):
No events

Classes unloaded (0 events):
No events

Classes redefined (0 events):
No events

Internal exceptions (0 events):
No events

VM Operations (0 events):
No events

Events (0 events):
No events


Dynamic libraries:
0x00007ff7d2c90000 - 0x00007ff7d2ca0000 	C:\Program Files\Java\jdk-19\bin\javaw.exe
0x00007ffc3a2b0000 - 0x00007ffc3a4a8000 	C:\WINDOWS\SYSTEM32\ntdll.dll
0x00007ffc382f0000 - 0x00007ffc383af000 	C:\WINDOWS\System32\KERNEL32.DLL
0x00007ffc37ab0000 - 0x00007ffc37d82000 	C:\WINDOWS\System32\KERNELBASE.dll
0x00007ffc37fc0000 - 0x00007ffc380c0000 	C:\WINDOWS\System32\ucrtbase.dll
0x00007ffc25320000 - 0x00007ffc2533b000 	C:\Program Files\Java\jdk-19\bin\VCRUNTIME140.dll
0x00007ffc1e0f0000 - 0x00007ffc1e108000 	C:\Program Files\Java\jdk-19\bin\jli.dll
0x00007ffc39560000 - 0x00007ffc3960e000 	C:\WINDOWS\System32\ADVAPI32.dll
0x00007ffc3a0e0000 - 0x00007ffc3a17e000 	C:\WINDOWS\System32\msvcrt.dll
0x00007ffc390f0000 - 0x00007ffc3918c000 	C:\WINDOWS\System32\sechost.dll
0x00007ffc392d0000 - 0x00007ffc393f5000 	C:\WINDOWS\System32\RPCRT4.dll
0x00007ffc38bc0000 - 0x00007ffc38d61000 	C:\WINDOWS\System32\USER32.dll
0x00007ffc20880000 - 0x00007ffc20b1a000 	C:\WINDOWS\WinSxS\amd64_microsoft.windows.common-controls_6595b64144ccf1df_6.0.19041.1110_none_60b5254171f9507e\COMCTL32.dll
0x00007ffc37a80000 - 0x00007ffc37aa2000 	C:\WINDOWS\System32\win32u.dll
0x00007ffc383c0000 - 0x00007ffc383eb000 	C:\WINDOWS\System32\GDI32.dll
0x00007ffc38170000 - 0x00007ffc3827f000 	C:\WINDOWS\System32\gdi32full.dll
0x00007ffc37f20000 - 0x00007ffc37fbd000 	C:\WINDOWS\System32\msvcp_win.dll
0x00007ffc311c0000 - 0x00007ffc311ca000 	C:\WINDOWS\SYSTEM32\VERSION.dll
0x00007ffc39400000 - 0x00007ffc39432000 	C:\WINDOWS\System32\IMM32.DLL
0x00007ffc31330000 - 0x00007ffc3133c000 	C:\Program Files\Java\jdk-19\bin\vcruntime140_1.dll
0x00007ffc1afe0000 - 0x00007ffc1b06e000 	C:\Program Files\Java\jdk-19\bin\msvcp140.dll
0x00007ffbe2030000 - 0x00007ffbe2cf0000 	C:\Program Files\Java\jdk-19\bin\server\jvm.dll
0x00007ffc12070000 - 0x00007ffc12079000 	C:\WINDOWS\SYSTEM32\WSOCK32.dll
0x00007ffc22ef0000 - 0x00007ffc22f17000 	C:\WINDOWS\SYSTEM32\WINMM.dll
0x00007ffc39260000 - 0x00007ffc392cb000 	C:\WINDOWS\System32\WS2_32.dll
0x00007ffc361e0000 - 0x00007ffc361f2000 	C:\WINDOWS\SYSTEM32\kernel.appcore.dll
0x00007ffc2e650000 - 0x00007ffc2e65a000 	C:\Program Files\Java\jdk-19\bin\jimage.dll
0x00007ffc35760000 - 0x00007ffc35944000 	C:\WINDOWS\SYSTEM32\DBGHELP.DLL
0x00007ffc31240000 - 0x00007ffc31275000 	C:\WINDOWS\SYSTEM32\dbgcore.DLL
0x00007ffc379a0000 - 0x00007ffc37a22000 	C:\WINDOWS\System32\bcryptPrimitives.dll
0x00007ffc1e0c0000 - 0x00007ffc1e0e6000 	C:\Program Files\Java\jdk-19\bin\java.dll

dbghelp: loaded successfully - version: 4.0.5 - missing functions: none
symbol engine: initialized successfully - sym options: 0x614 - pdb path: .;C:\Program Files\Java\jdk-19\bin;C:\WINDOWS\SYSTEM32;C:\WINDOWS\WinSxS\amd64_microsoft.windows.common-controls_6595b64144ccf1df_6.0.19041.1110_none_60b5254171f9507e;C:\Program Files\Java\jdk-19\bin\server

VM Arguments:
jvm_args: -Dfile.encoding=UTF-8 -XX:+ShowCodeDetailsInExceptionMessages 
java_command: fall2023project.CSystem
java_class_path (initial): C:\Users\Woroud Fouleh\eclipse-workspace\fall2023project\target\classes;C:\Users\Woroud Fouleh\.m2\repository\org\apiguardian\apiguardian-api\1.1.2\apiguardian-api-1.1.2.jar;C:\Users\Woroud Fouleh\.m2\repository\io\cucumber\cucumber-java\7.11.1\cucumber-java-7.11.1.jar;C:\Users\Woroud Fouleh\.m2\repository\io\cucumber\cucumber-core\7.11.1\cucumber-core-7.11.1.jar;C:\Users\Woroud Fouleh\.m2\repository\io\cucumber\cucumber-gherkin\7.11.1\cucumber-gherkin-7.11.1.jar;C:\Users\Woroud Fouleh\.m2\repository\io\cucumber\cucumber-gherkin-messages\7.11.1\cucumber-gherkin-messages-7.11.1.jar;C:\Users\Woroud Fouleh\.m2\repository\io\cucumber\gherkin\26.0.3\gherkin-26.0.3.jar;C:\Users\Woroud Fouleh\.m2\repository\io\cucumber\messages\21.0.1\messages-21.0.1.jar;C:\Users\Woroud Fouleh\.m2\repository\io\cucumber\tag-expressions\5.0.1\tag-expressions-5.0.1.jar;C:\Users\Woroud Fouleh\.m2\repository\io\cucumber\cucumber-expressions\16.1.2\cucumber-expressions-16.1.2.jar;C:\Users\Woroud Fouleh\.m2\repository\io\cucumber\datatable\7.11.1\datatable-7.11.1.jar;C:\Users\Woroud Fouleh\.m2\repository\io\cucumber\cucumber-plugin\7.11.1\cucumber-plugin-7.11.1.jar;C:\Users\Woroud Fouleh\.m2\repository\io\cucumber\docstring\7.11.1\docstring-7.11.1.jar;C:\Users\Woroud Fouleh\.m2\repository\io\cucumber\html-formatter\20.2.1\html-formatter-20.2.1.jar;C:\Users\Woroud Fouleh\.m2\repository\io\cucumber\junit-xml-formatter\0.1.0\junit-xml-formatter-0.1.0.jar;C:\Users\Woroud Fouleh\.m2\repository\io\cucumber\ci-environment\9.1.0\ci-environment-9.1.0.jar
Launcher Type: SUN_STANDARD

[Global flags]
     intx CICompilerCount                          = 4                                         {product} {ergonomic}
     uint ConcGCThreads                            = 2                                         {product} {ergonomic}
     uint G1ConcRefinementThreads                  = 8                                         {product} {ergonomic}
   size_t G1HeapRegionSize                         = 1048576                                   {product} {ergonomic}
    uintx GCDrainStackTargetSize                   = 64                                        {product} {ergonomic}
   size_t InitialHeapSize                          = 132120576                                 {product} {ergonomic}
   size_t MarkStackSize                            = 4194304                                   {product} {ergonomic}
   size_t MaxHeapSize                              = 2109734912                                {product} {ergonomic}
   size_t MinHeapDeltaBytes                        = 1048576                                   {product} {ergonomic}
   size_t MinHeapSize                              = 8388608                                   {product} {ergonomic}
    uintx NonNMethodCodeHeapSize                   = 5839372                                {pd product} {ergonomic}
    uintx NonProfiledCodeHeapSize                  = 122909434                              {pd product} {ergonomic}
    uintx ProfiledCodeHeapSize                     = 122909434                              {pd product} {ergonomic}
    uintx ReservedCodeCacheSize                    = 251658240                              {pd product} {ergonomic}
     bool SegmentedCodeCache                       = true                                      {product} {ergonomic}
     bool ShowCodeDetailsInExceptionMessages       = true                                   {manageable} {command line}
   size_t SoftMaxHeapSize                          = 2109734912                             {manageable} {ergonomic}
     bool UseCompressedClassPointers               = true                           {product lp64_product} {ergonomic}
     bool UseCompressedOops                        = true                           {product lp64_product} {ergonomic}
     bool UseG1GC                                  = true                                      {product} {ergonomic}
     bool UseLargePagesIndividualAllocation        = false                                  {pd product} {ergonomic}

Logging:
Log output configuration:
 #0: stdout all=warning uptime,level,tags foldmultilines=false
 #1: stderr all=off uptime,level,tags foldmultilines=false

Environment Variables:
PATH=C:\Program Files (x86)\VMware\VMware Player\bin\;C:\Program Files\Common Files\Oracle\Java\javapath;C:\WINDOWS\system32;C:\WINDOWS;C:\WINDOWS\System32\Wbem;C:\WINDOWS\System32\WindowsPowerShell\v1.0\;C:\WINDOWS\System32\OpenSSH\;C:\Program Files (x86)\National Instruments\Shared\LabVIEW CLI;C:\Program Files\Git\cmd;C:\Users\Woroud Fouleh\AppData\Local\Microsoft\WindowsApps;
USERNAME=Woroud Fouleh
OS=Windows_NT
PROCESSOR_IDENTIFIER=Intel64 Family 6 Model 142 Stepping 12, GenuineIntel
TMP=C:\Users\WOROUD~1\AppData\Local\Temp
TEMP=C:\Users\WOROUD~1\AppData\Local\Temp



---------------  S Y S T E M  ---------------

OS:
 Windows 10 , 64 bit Build 19041 (10.0.19041.2546)
OS uptime: 31 days 18:10 hours

CPU: total 8 (initial active 8) (4 cores per cpu, 2 threads per core) family 6 model 142 stepping 12 microcode 0xf0, cx8, cmov, fxsr, ht, mmx, 3dnowpref, sse, sse2, sse3, ssse3, sse4.1, sse4.2, popcnt, lzcnt, tsc, tscinvbit, avx, avx2, aes, erms, clmul, bmi1, bmi2, adx, fma, vzeroupper, clflush, clflushopt, rdtscp

Memory: 4k page, system-wide physical 8040M (951M free)
TotalPageFile size 23288M (AvailPageFile size 47M)
current process WorkingSet (physical memory assigned to process): 10M, peak: 10M
current process commit charge ("private bytes"): 60M, peak: 186M

vm_info: Java HotSpot(TM) 64-Bit Server VM (19.0.1+10-21) for windows-amd64 JRE (19.0.1+10-21), built on 2022-09-14T12:45:06Z by "mach5one" with MS VC++ 17.1 (VS2022)

END.
